<?xml version="1.0" encoding="UTF-8"?>
<testng-results ignored="0" total="2" passed="2" failed="0" skipped="0">
  <reporter-output>
  </reporter-output>
  <suite started-at="2024-05-30T13:01:36 IST" name="Default suite" finished-at="2024-05-30T13:01:36 IST" duration-ms="223">
    <groups>
    </groups>
    <test started-at="2024-05-30T13:01:36 IST" name="Default test" finished-at="2024-05-30T13:01:36 IST" duration-ms="223">
      <class name="pac1.ContactTest">
        <test-method signature="ModifyeContactTest()[pri:0, instance:pac1.ContactTest@351d00c0]" started-at="2024-05-30T13:01:36 IST" name="ModifyeContactTest" finished-at="2024-05-30T13:01:36 IST" duration-ms="41" status="PASS">
          <reporter-output>
          </reporter-output>
        </test-method> <!-- ModifyeContactTest -->
        <test-method signature="createContactTest()[pri:0, instance:pac1.ContactTest@351d00c0]" started-at="2024-05-30T13:01:36 IST" name="createContactTest" finished-at="2024-05-30T13:01:36 IST" duration-ms="6" status="PASS">
          <reporter-output>
          </reporter-output>
        </test-method> <!-- createContactTest -->
      </class> <!-- pac1.ContactTest -->
    </test> <!-- Default test -->
  </suite> <!-- Default suite -->
</testng-results>
